// 重构日志: 29c53137
// 重构日志: f8392669
// 重构日志: 4544dfd3
// 重构日志: a764a962
// 重构日志: 65dc93e7
// 重构日志: a0ad6f2c
// 重构日志: 0a128463
// 同步 ID: 3a7f30a0 @ Mon Jun  1 23:26:25 UTC 2026
// 同步 ID: c7440e2e @ Tue Jun  2 00:21:51 UTC 2026
// 重构日志: f7c8da4d
// 重构日志: 11b28e5a
// 同步 ID: 98646aed @ Fri Jun  5 10:40:52 UTC 2026
// 同步 ID: 20eedf37 @ Fri Jun  5 19:41:20 UTC 2026
// 同步 ID: 9dd6ab1d @ Sat Jun  6 09:26:36 UTC 2026
// 重构日志: 5146896b
// 同步 ID: e0f66964 @ Sat Jun  6 15:42:21 UTC 2026
// 重构日志: 89a62a29
// 同步 ID: 79105aa1 @ Sat Jun  6 18:35:09 UTC 2026
// 同步 ID: 0914570a @ Sun Jun  7 07:38:00 UTC 2026
// 重构日志: 9212b329
// 同步 ID: 7923f0b9 @ Sun Jun  7 13:39:56 UTC 2026
// 重构日志: 708b8064
// 重构日志: 61b5b4a7
// 重构日志: b0652e1f
// 同步 ID: 9935f04d @ Thu Jun 11 23:17:55 UTC 2026
// 重构日志: 93e17343
// 同步 ID: bdb63bed @ Sat Jun 13 12:34:12 UTC 2026
// 同步 ID: 476f394a @ Sun Jun 14 11:10:17 UTC 2026
// 重构日志: 7dfe4692
// 同步 ID: d120849a @ Tue Jun 16 06:44:05 UTC 2026
// 重构日志: edfbf375
// 重构日志: 71d4d217
